  main.cpp
d:\github\pnipucpp\2c-4sem\lab3_cg_k2\main.cpp(317): warning C4101: rez: неиспользованная локальная переменная
d:\github\pnipucpp\2c-4sem\lab3_cg_k2\main.cpp(403): warning C4244: аргумент: преобразование "T" в "int", возможна потеря данных
          with
          [
              T=float
          ]
d:\github\pnipucpp\2c-4sem\lab3_cg_k2\main.cpp(417): warning C4244: аргумент: преобразование "T" в "int", возможна потеря данных
          with
          [
              T=float
          ]
d:\github\pnipucpp\2c-4sem\lab3_cg_k2\main.cpp(418): warning C4244: аргумент: преобразование "T" в "int", возможна потеря данных
          with
          [
              T=float
          ]
d:\github\pnipucpp\2c-4sem\lab3_cg_k2\main.cpp(419): warning C4244: аргумент: преобразование "T" в "int", возможна потеря данных
          with
          [
              T=float
          ]
d:\github\pnipucpp\2c-4sem\lab3_cg_k2\main.cpp(430): warning C4244: аргумент: преобразование "T" в "int", возможна потеря данных
          with
          [
              T=float
          ]
d:\github\pnipucpp\2c-4sem\lab3_cg_k2\main.cpp(431): warning C4244: аргумент: преобразование "T" в "int", возможна потеря данных
          with
          [
              T=float
          ]
d:\github\pnipucpp\2c-4sem\lab3_cg_k2\main.cpp(432): warning C4244: аргумент: преобразование "T" в "int", возможна потеря данных
          with
          [
              T=float
          ]
d:\github\pnipucpp\2c-4sem\lab3_cg_k2\main.cpp(442): warning C4244: аргумент: преобразование "T" в "int", возможна потеря данных
          with
          [
              T=float
          ]
d:\github\pnipucpp\2c-4sem\lab3_cg_k2\main.cpp(443): warning C4244: аргумент: преобразование "T" в "int", возможна потеря данных
          with
          [
              T=float
          ]
d:\github\pnipucpp\2c-4sem\lab3_cg_k2\main.cpp(444): warning C4244: аргумент: преобразование "T" в "int", возможна потеря данных
          with
          [
              T=float
          ]
d:\github\pnipucpp\2c-4sem\lab3_cg_k2\main.cpp(455): warning C4244: аргумент: преобразование "T" в "int", возможна потеря данных
          with
          [
              T=float
          ]
d:\github\pnipucpp\2c-4sem\lab3_cg_k2\main.cpp(456): warning C4244: аргумент: преобразование "T" в "int", возможна потеря данных
          with
          [
              T=float
          ]
d:\github\pnipucpp\2c-4sem\lab3_cg_k2\main.cpp(457): warning C4244: аргумент: преобразование "T" в "int", возможна потеря данных
          with
          [
              T=float
          ]
d:\github\pnipucpp\2c-4sem\lab3_cg_k2\main.cpp(467): warning C4244: аргумент: преобразование "T" в "int", возможна потеря данных
          with
          [
              T=float
          ]
d:\github\pnipucpp\2c-4sem\lab3_cg_k2\main.cpp(468): warning C4244: аргумент: преобразование "T" в "int", возможна потеря данных
          with
          [
              T=float
          ]
d:\github\pnipucpp\2c-4sem\lab3_cg_k2\main.cpp(469): warning C4244: аргумент: преобразование "T" в "int", возможна потеря данных
          with
          [
              T=float
          ]
  lab3_cg_k2.vcxproj -> D:\GITHUB\pnipucpp\Debug\lab3_cg_k2.exe
