d:\github\pnipucpp\2c-4sem\lab2cg\release\vc141.pdb
d:\github\pnipucpp\2c-4sem\lab2cg\release\win32_controls.obj
d:\github\pnipucpp\2c-4sem\lab2cg\release\modelcache.obj
d:\github\pnipucpp\2c-4sem\lab2cg\release\model.obj
d:\github\pnipucpp\2c-4sem\lab2cg\release\main.obj
d:\github\pnipucpp\2c-4sem\lab2cg\release\lights.obj
d:\github\pnipucpp\2c-4sem\lab2cg\release\gl_exts.obj
d:\github\pnipucpp\2c-4sem\lab2cg\release\camera.obj
d:\github\pnipucpp\2c-4sem\lab2cg\release\trackball.obj
d:\github\pnipucpp\2c-4sem\lab2cg\release\gl_viewport.obj
d:\github\pnipucpp\2c-4sem\lab2cg\release\main_heap.obj
d:\github\pnipucpp\release\lab2cg_k.ipdb
d:\github\pnipucpp\release\lab2cg_k.iobj
d:\github\pnipucpp\release\lab2cg_k.exe
d:\github\pnipucpp\release\lab2cg_k.pdb
d:\github\pnipucpp\2c-4sem\lab2cg\release\lab2cg_k.tlog\cl.command.1.tlog
d:\github\pnipucpp\2c-4sem\lab2cg\release\lab2cg_k.tlog\cl.read.1.tlog
d:\github\pnipucpp\2c-4sem\lab2cg\release\lab2cg_k.tlog\cl.write.1.tlog
d:\github\pnipucpp\2c-4sem\lab2cg\release\lab2cg_k.tlog\lab2cg_k.write.1u.tlog
d:\github\pnipucpp\2c-4sem\lab2cg\release\lab2cg_k.tlog\link.command.1.tlog
d:\github\pnipucpp\2c-4sem\lab2cg\release\lab2cg_k.tlog\link.read.1.tlog
d:\github\pnipucpp\2c-4sem\lab2cg\release\lab2cg_k.tlog\link.write.1.tlog
