C:\Program Files (x86)\Microsoft Visual Studio\2017\Professional\Common7\IDE\VC\VCTargets\Microsoft.CppBuild.targets(391,5): warning MSB8028: промежуточный каталог (Release\) содержит файлы, которые используются совместно с другим проектом (lab3_cg_k2.vcxproj).  Это может привести к ошибкам очистки и перестроения.
  main.cpp
e:\github\pnipucpp\2c-4sem\lab3_cg_k2\main.cpp(455): warning C4101: i: неиспользованная локальная переменная
e:\github\pnipucpp\2c-4sem\lab3_cg_k2\main.cpp(488): warning C4101: rez: неиспользованная локальная переменная
e:\github\pnipucpp\2c-4sem\lab3_cg_k2\main.cpp(703): warning C4244: аргумент: преобразование "T" в "int", возможна потеря данных
          with
          [
              T=float
          ]
e:\github\pnipucpp\2c-4sem\lab3_cg_k2\main.cpp(717): warning C4244: аргумент: преобразование "T" в "int", возможна потеря данных
          with
          [
              T=float
          ]
e:\github\pnipucpp\2c-4sem\lab3_cg_k2\main.cpp(731): warning C4244: аргумент: преобразование "T" в "int", возможна потеря данных
          with
          [
              T=float
          ]
e:\github\pnipucpp\2c-4sem\lab3_cg_k2\main.cpp(743): warning C4244: аргумент: преобразование "T" в "int", возможна потеря данных
          with
          [
              T=float
          ]
e:\github\pnipucpp\2c-4sem\lab3_cg_k2\main.cpp(755): warning C4244: аргумент: преобразование "T" в "int", возможна потеря данных
          with
          [
              T=float
          ]
e:\github\pnipucpp\2c-4sem\lab3_cg_k2\main.cpp(661): warning C4101: v0: неиспользованная локальная переменная
e:\github\pnipucpp\2c-4sem\lab3_cg_k2\main.cpp(662): warning C4101: v1: неиспользованная локальная переменная
  Создание кода
  3 of 103 functions ( 2.9%) were compiled, the rest were copied from previous compilation.
    0 functions were new in current compilation
    6 functions had inline decision re-evaluated but remain unchanged
  Создание кода завершено
  lab3_cg_k2.vcxproj -> E:\GitHub\pnipucpp\Release\lab3_trimproj.exe
